Starting Dynare (version 6.4).
Calling Dynare with arguments: noclearall
Starting preprocessing of the model file ...
Substitution of endo lags >= 2: added 9 auxiliary variables and equations.
Found 32 equation(s).
Evaluating expressions...
Computing static model derivatives (order 2).
Computing static model derivatives w.r.t. parameters (order 2).
Normalizing the static model...
Finding the optimal block decomposition of the static model...
7 block(s) found:
  6 recursive block(s) and 1 simultaneous block(s).
  the largest simultaneous block has 22 equation(s)
                                 and 22 feedback variable(s).
Computing dynamic model derivatives (order 2).
Computing dynamic model derivatives w.r.t. parameters (order 2).
Normalizing the dynamic model...
Finding the optimal block decomposition of the dynamic model...
7 block(s) found:
  6 recursive block(s) and 1 simultaneous block(s).
  the largest simultaneous block has 22 equation(s)
                                 and 21 feedback variable(s).
Preprocessing completed.
Preprocessing time: 0h00m00s.

STEADY-STATE RESULTS:

C                		 1.88609
Y                		 3.05394
Ip               		 0.481904
Kp               		 21.9047
N                		 0.969145
W                		 1.89156
Rk               		 0.0430552
A                		 1
Gc               		 0.579064
Ig               		 0.106888
Kg               		 5.87961
G                		 1
TR               		 0.231625
Uk               		 1
deltaEff         		 0.022
Q                		 1
X                		 1
Profits          		 0.277631
Igshock          		 1
hp_y             		 1.11643
hp_i             		 -0.73001
hp_gcy           		 -1.66278
hp_igy           		 -3.35241

EIGENVALUES:
         Modulus             Real        Imaginary
          0.3466          -0.3312           0.1022
          0.3466          -0.3312          -0.1022
           0.351          -0.2189           0.2743
           0.351          -0.2189          -0.2743
          0.3616         -0.02483           0.3607
          0.3616         -0.02483          -0.3607
          0.3783           0.1983           0.3222
          0.3783           0.1983          -0.3222
          0.4022           0.3762           0.1421
          0.4022           0.3762          -0.1421
             0.9              0.9                0
             0.9              0.9                0
             0.9              0.9                0
             0.9              0.9                0
          0.9506           0.9504          0.01825
          0.9506           0.9504         -0.01825
          0.9844           0.9844                0
           1.074            1.073          0.02762
           1.074            1.073         -0.02762
       1.251e+17       -1.251e+17                0
       2.651e+17       -2.651e+17                0
       8.775e+17        8.775e+17                0
       1.346e+19       -1.346e+19                0
       2.458e+47        2.458e+47                0

There are 7 eigenvalue(s) larger than 1 in modulus for 7 forward-looking variable(s)
The rank condition is verified.


MODEL SUMMARY

  Number of variables:         32
  Number of stochastic shocks: 4
  Number of state variables:   17
  Number of jumpers:           7
  Number of static variables:  10


MATRIX OF COVARIANCE OF EXOGENOUS SHOCKS
Variables        epsA      epsG      epsX    epsIgs
epsA         0.000100  0.000000  0.000000  0.000000
epsG         0.000000  0.000000  0.000000  0.000000
epsX         0.000000  0.000000  0.000000  0.000000
epsIgs       0.000000  0.000000  0.000000  0.000000

POLICY AND TRANSITION FUNCTIONS
                                   C               Y              Ip              Kp               N               W              Rk               A              Gc              Ig              Kg               G              TR              Uk        deltaEff               Q               X         Profits         Igshock            hp_y            hp_i          hp_gcy          hp_igy
Constant                    1.886086        3.053941        0.481904       21.904738        0.969145        1.891562        0.043055        1.000000        0.579064        0.106888        5.879606        1.000000        0.231625        1.000000        0.022000        1.000000        1.000000        0.277631        1.000000        1.116433       -0.730010       -1.662776       -3.352407
Kp(-1)                      0.014185        0.016263       -0.002846        0.994588       -0.001591        0.013178       -0.000583               0        0.004355        0.000569               0               0        0.000561       -0.026785       -0.000887       -0.007215               0        0.001711               0        0.005325       -0.005905        0.002195               0
A(-1)                       2.278173        3.304201        0.210940       -0.310455       -0.091254        2.224677        0.015643        0.900000        0.699442        0.115647               0               0        0.212031        0.718634        0.023803        0.972599               0        0.313749               0        1.081947        0.437721        0.125938               0
Ig(-1)                     -0.000142        0.000405        0.000576        0.000512        0.000151       -0.000043        0.000002               0       -0.000044        0.000014        0.196600               0        0.000094        0.000088        0.000003       -0.005569               0        0.000015               0        0.000132        0.001195       -0.000208               0
Kg(-1)                      0.021542        0.031177        0.001931       -0.002989       -0.000879        0.021025        0.000148               0        0.006614        0.001091        0.983000               0        0.001993        0.006781        0.000225        0.005196               0        0.002963               0        0.010209        0.004007        0.001212               0
G(-1)                      -0.126966        0.361585       -0.006281       -0.063338        0.134569       -0.038690        0.001712               0        0.482176        0.012655               0        0.900000       -0.442024        0.078641        0.002605       -0.033940               0        0.035598               0        0.118399       -0.013034        0.714284               0
Igshock(-1)                -0.023312        0.066391       -0.001662       -0.012138        0.024709       -0.007104        0.000314               0       -0.007157        0.098523               0               0       -0.081674        0.014440        0.000478       -0.009940               0        0.006558        0.900000        0.021740       -0.003448       -0.034100        0.900000
Ig(-2)                     -0.000123        0.000351        0.000499        0.000444        0.000131       -0.000038        0.000002               0       -0.000038        0.000012        0.193258               0        0.000082        0.000076        0.000003       -0.004437               0        0.000013               0        0.000115        0.001036       -0.000180               0
Ig(-3)                     -0.000092        0.000261        0.000372        0.000331        0.000097       -0.000028        0.000001               0       -0.000028        0.000009        0.142479               0        0.000061        0.000057        0.000002       -0.003285               0        0.000010               0        0.000086        0.000772       -0.000134               0
Ig(-4)                     -0.000069        0.000196        0.000279        0.000248        0.000073       -0.000021               0               0       -0.000021        0.000007        0.093371               0        0.000046        0.000043        0.000001       -0.002436               0        0.000007               0        0.000064        0.000579       -0.000101               0
Ig(-5)                     -0.000058        0.000164        0.000234        0.000208        0.000061       -0.000018               0               0       -0.000018        0.000006        0.068838               0        0.000038        0.000036        0.000001       -0.001889               0        0.000006               0        0.000054        0.000486       -0.000084               0
Ig(-6)                     -0.000051        0.000146        0.000208        0.000185        0.000054       -0.000016               0               0       -0.000016        0.000005        0.067668               0        0.000034        0.000032        0.000001       -0.001489               0        0.000005               0        0.000048        0.000432       -0.000075               0
Ig(-7)                     -0.000041        0.000115        0.000164        0.000146        0.000043       -0.000012               0               0       -0.000012        0.000004        0.044345               0        0.000027        0.000025               0       -0.001082               0        0.000004               0        0.000038        0.000341       -0.000059               0
Ig(-8)                     -0.000035        0.000101        0.000143        0.000127        0.000037       -0.000011               0               0       -0.000011        0.000004        0.043591               0        0.000023        0.000022               0       -0.000818               0        0.000004               0        0.000033        0.000297       -0.000052               0
Ig(-9)                     -0.000027        0.000077        0.000110        0.000098        0.000029       -0.000008               0               0       -0.000008        0.000003        0.042850               0        0.000018        0.000017               0       -0.000549               0        0.000003               0        0.000025        0.000228       -0.000040               0
Ig(-10)                    -0.000015        0.000044        0.000063        0.000056        0.000016       -0.000005               0               0       -0.000005        0.000002        0.042122               0        0.000010        0.000010               0       -0.000277               0        0.000002               0        0.000014        0.000130       -0.000023               0
Ip(-1)                     -0.223596        0.636779        0.906736        0.806254        0.236987       -0.068136        0.003015               0       -0.068648        0.022287               0               0        0.148476        0.138494        0.004587       -0.171942               0        0.023176               0        0.208510        1.881569       -0.327061               0
X(-1)                      -0.041789        0.119010        0.169463        0.150684        0.044291       -0.012734        0.000563               0       -0.012830        0.004165               0               0        0.027749        0.025884        0.000857       -0.091197        0.900000        0.004331               0        0.038969        0.351653       -0.061126               0
epsA                        2.531303        3.671335        0.234378       -0.344950       -0.101393        2.471863        0.017381        1.000000        0.777157        0.128497               0               0        0.235590        0.798482        0.026448        1.080666               0        0.348610               0        1.202163        0.486357        0.139931               0
epsG                       -0.141073        0.401761       -0.006979       -0.070376        0.149521       -0.042989        0.001902               0        0.535751        0.014062               0        1.000000       -0.491138        0.087379        0.002894       -0.037712               0        0.039554               0        0.131555       -0.014483        0.793648               0
epsX                       -0.046432        0.132233        0.188292        0.167426        0.049213       -0.014149        0.000626               0       -0.014255        0.004628               0               0        0.030832        0.028759        0.000953       -0.101330        1.000000        0.004813               0        0.043299        0.390726       -0.067917               0
epsIgs                     -0.025903        0.073768       -0.001846       -0.013487        0.027454       -0.007893        0.000349               0       -0.007953        0.109470               0               0       -0.090749        0.016044        0.000531       -0.011044               0        0.007287        1.000000        0.024155       -0.003831       -0.037889        1.000000

======== Identification Analysis ========

Testing all current stderr and model parameter values
The number of moments with non-zero derivative is smaller than the number of parameters
Try increasing ar = 2
The number of moments with non-zero derivative is smaller than the number of parameters
Try increasing ar = 3
The number of moments with non-zero derivative is smaller than the number of parameters
Try increasing ar = 4
Evaluating simulated moment uncertainty ... please wait
Doing 138 replicas of length 300 periods.
Simulated moment uncertainty ... done!
  
Note that differences in the criteria could be due to numerical settings,
numerical errors or the method used to find problematic parameter sets.
Settings:
    Derivation mode for Jacobians:                         Analytic using sylvester equations
    Method to find problematic parameters:                 Nullspace and multicorrelation coefficients
    Normalize Jacobians:                                   Yes
    Tolerance level for rank computations:                 robust
    Tolerance level for selecting nonzero columns:         1e-08
    Tolerance level for selecting nonzero singular values: 1e-03

REDUCED-FORM:
    !!!WARNING!!!
    The rank of Tau (Jacobian of steady state and reduced-form solution matrices) is deficient!

    SE_epsG is not identified!
    SE_epsX is not identified!
    SE_epsIgs is not identified!
    sigA is not identified!
    Css is not identified!
    Yss is not identified!
    Ipss is not identified!
    Kpss is not identified!
    Nss is not identified!
    Wss is not identified!
    Rkss is not identified!
    Ass is not identified!
    Gcss is not identified!
    Igss is not identified!
    Kgss is not identified!
    TRss is not identified!
    Gss is not identified!
    deltaEffss is not identified!
    Ukss is not identified!
    Xss is not identified!
    Qss is not identified!

MINIMAL SYSTEM (KOMUNJER AND NG, 2011):
    !!!WARNING!!!
    The rank of Deltabar (Jacobian of steady state and minimal system) is deficient!

    SE_epsG is not identified!
    SE_epsX is not identified!
    SE_epsIgs is not identified!
    sigA is not identified!
    Css is not identified!
    Yss is not identified!
    Ipss is not identified!
    Kpss is not identified!
    Nss is not identified!
    Wss is not identified!
    Rkss is not identified!
    Ass is not identified!
    Gcss is not identified!
    Igss is not identified!
    Kgss is not identified!
    TRss is not identified!
    Gss is not identified!
    deltaEffss is not identified!
    Ukss is not identified!
    Xss is not identified!
    Qss is not identified!
    [nu,deltaP] are PAIRWISE collinear!
    [tauC,deltaP] are PAIRWISE collinear!
    [tauC,nu] are PAIRWISE collinear!
    [tauN,deltaP] are PAIRWISE collinear!
    [tauN,nu] are PAIRWISE collinear!
    [tauN,tauC] are PAIRWISE collinear!
    tauK is collinear w.r.t. all other parameters!
    epsilon is collinear w.r.t. all other parameters!

SPECTRUM (QU AND TKACHENKO, 2012):
    !!!WARNING!!!
    The rank of Gbar (Jacobian of mean and spectrum) is deficient!

    SE_epsG is not identified!
    SE_epsX is not identified!
    SE_epsIgs is not identified!
    sigA is not identified!
    rhoG is not identified!
    rhoX is not identified!
    rhoIgs is not identified!
    Css is not identified!
    Yss is not identified!
    Ipss is not identified!
    Kpss is not identified!
    Nss is not identified!
    Wss is not identified!
    Rkss is not identified!
    Ass is not identified!
    Gcss is not identified!
    Igss is not identified!
    Kgss is not identified!
    TRss is not identified!
    Gss is not identified!
    deltaEffss is not identified!
    Ukss is not identified!
    Xss is not identified!
    Qss is not identified!
    [nu,deltaP] are PAIRWISE collinear!
    [tauC,deltaP] are PAIRWISE collinear!
    [tauC,nu] are PAIRWISE collinear!
    [tauN,deltaP] are PAIRWISE collinear!
    [tauN,nu] are PAIRWISE collinear!
    [tauN,tauC] are PAIRWISE collinear!
    tauK is collinear w.r.t. all other parameters!
    epsilon is collinear w.r.t. all other parameters!

MOMENTS (ISKREV, 2010):
    !!!WARNING!!!
    The rank of J (Jacobian of first two moments) is deficient!

    SE_epsG is not identified!
    SE_epsX is not identified!
    SE_epsIgs is not identified!
    sigA is not identified!
    rhoIgs is not identified!
    Css is not identified!
    Yss is not identified!
    Ipss is not identified!
    Kpss is not identified!
    Nss is not identified!
    Wss is not identified!
    Rkss is not identified!
    Ass is not identified!
    Gcss is not identified!
    Igss is not identified!
    Kgss is not identified!
    TRss is not identified!
    Gss is not identified!
    deltaEffss is not identified!
    Ukss is not identified!
    Xss is not identified!
    Qss is not identified!
    [tauC,nu] are PAIRWISE collinear!
    [tauN,nu] are PAIRWISE collinear!
    [tauN,tauC] are PAIRWISE collinear!
    deltaP is collinear w.r.t. all other parameters!
    tauK is collinear w.r.t. all other parameters!
    epsilon is collinear w.r.t. all other parameters!

==== Identification analysis completed ====

Prior distribution for parameter thetaG has unbounded density!
Initial value of the log posterior (or likelihood): -6342655.2828

==========================================================
   Change in the posterior covariance matrix = 2.2464.
   Change in the posterior mean = 1.6296.
   Current mode = -598.7037
   Mode improvement = 6343253.9865
   New value of jscale = 0.00090474
==========================================================

==========================================================
   Change in the posterior covariance matrix = 0.00025589.
   Change in the posterior mean = 0.17169.
   Current mode = -655.5406
   Mode improvement = 56.8368
   New value of jscale = 0.042472
==========================================================

==========================================================
   Change in the posterior covariance matrix = 0.012898.
   Change in the posterior mean = 1.2206.
   Current mode = -1419.2521
   Mode improvement = 763.7115
   New value of jscale = 0.050311
==========================================================

Optimal value of the scale parameter = 0.050311


Final value of minus the log posterior (or likelihood):-1419.252089 

MODE CHECK

Fval obtained by the optimization routine: -1419.252089

RESULTS FROM POSTERIOR ESTIMATION
parameters
       prior mean     mode    s.d.  prior pstdev

rhoA       0.5000   0.9994  0.0418   beta 0.2000 
rhoX       0.5000   0.9993  0.0035   beta 0.2000 
rhoG       0.5000   0.9999  0.0035   beta 0.2000 
rhoIgs     0.5000   0.9979  0.0040   beta 0.2000 
eta        0.5000   0.6570  0.0027   norm 0.1000 
thetaG     0.0500   0.0006  0.0073   gamm 0.0500 
kappa      4.0000   3.2366  0.0798   norm 1.5000 
alpha      0.3300   0.3698  0.0005   beta 0.0100 

standard deviation of shocks
       prior mean     mode    s.d.  prior pstdev

epsA       0.0100   0.0102  0.0061   invg 0.2000 
epsX       0.0100   0.0620  0.0027   invg 0.2000 
epsG       0.0100   0.0214  0.0056   invg 0.2000 
epsIgs     0.0100   0.1159  0.1147   invg 0.2000 


Log data density [Laplace approximation] is 1359.208822.

Estimation::mcmc: Multiple chains mode.
Estimation::mcmc: Old mh-files successfully erased!
Estimation::mcmc: Old metropolis.log file successfully erased!
Estimation::mcmc: Creation of a new metropolis.log file.
Estimation::mcmc: Searching for initial values...
Estimation::mcmc: Initial values found!

Estimation::mcmc: Write details about the MCMC... Ok!
Estimation::mcmc: Details about the MCMC are available in BCM_4shocks_final_est/metropolis/BCM_4shocks_final_est_mh_history_0.mat


Estimation::mcmc: Number of mh files: 1 per block.
Estimation::mcmc: Total number of generated files: 2.
Estimation::mcmc: Total number of iterations: 25000.
Estimation::mcmc: Current acceptance ratio per chain:
                                                       Chain  1: 15.708%
                                                       Chain  2: 13.384%
Estimation::mcmc: Total number of MH draws per chain: 25000.
Estimation::mcmc: Total number of generated MH files: 1.
Estimation::mcmc: I'll use mh-files 1 to 1.
Estimation::mcmc: In MH-file number 1 I'll start at line 5001.
Estimation::mcmc: Finally I keep 20000 draws per chain.



MCMC Inefficiency factors per block
Parameter       Block 1     Block 2
SE_epsA         158.175     155.109
SE_epsX         714.857     702.187
SE_epsG         576.707     602.005
SE_epsIgs       504.525     347.618
rhoA             89.715      44.753
rhoX            360.180     565.283
rhoG             40.924      49.432
rhoIgs          702.998     649.442
eta             702.491     700.500
thetaG          569.684     710.382
kappa           649.387     713.052
alpha           722.170     634.608



Convergence diagnostics results for chain 1.

Geweke (1992) Convergence Tests, based on means of draws 5000 to 9000 vs 15000 to 25000 for chain 1.
p-values are for Chi2-test for equality of means.
Parameter         Post. Mean        Post. Std   p-val No Taper   p-val 4% Taper   p-val 8% Taper  p-val 15% Taper
SE_epsA                0.010            0.001            0.000            0.044            0.080            0.100
SE_epsX                0.063            0.003            0.000            0.000            0.000            0.000
SE_epsG                0.022            0.001            0.000            0.000            0.000            0.000
SE_epsIgs              0.118            0.007            0.000            0.000            0.000            0.000
rhoA                   0.999            0.001            0.000            0.000            0.000            0.000
rhoX                   0.999            0.000            0.000            0.000            0.002            0.008
rhoG                   1.000            0.000            0.000            0.120            0.139            0.093
rhoIgs                 0.997            0.002            0.000            0.000            0.000            0.000
eta                    0.656            0.002            0.000            0.000            0.000            0.000
thetaG                 0.001            0.001            0.000            0.000            0.001            0.003
kappa                  3.268            0.037            0.000            0.487            0.600            0.672
alpha                  0.370            0.000            0.000            0.000            0.000            0.000




Convergence diagnostics results for chain 2.

Geweke (1992) Convergence Tests, based on means of draws 5000 to 9000 vs 15000 to 25000 for chain 2.
p-values are for Chi2-test for equality of means.
Parameter         Post. Mean        Post. Std   p-val No Taper   p-val 4% Taper   p-val 8% Taper  p-val 15% Taper
SE_epsA                0.010            0.001            0.000            0.643            0.640            0.618
SE_epsX                0.060            0.002            0.000            0.000            0.000            0.000
SE_epsG                0.022            0.001            0.000            0.197            0.326            0.414
SE_epsIgs              0.118            0.005            0.000            0.090            0.149            0.171
rhoA                   0.999            0.001            0.000            0.340            0.372            0.390
rhoX                   0.999            0.000            0.000            0.000            0.000            0.000
rhoG                   1.000            0.000            0.002            0.521            0.561            0.590
rhoIgs                 0.998            0.001            0.000            0.000            0.000            0.001
eta                    0.661            0.002            0.000            0.000            0.000            0.000
thetaG                 0.002            0.002            0.000            0.000            0.000            0.000
kappa                  3.157            0.049            0.000            0.000            0.000            0.000
alpha                  0.370            0.000            0.000            0.000            0.000            0.002


Univariate convergence diagnostic, Brooks and Gelman (1998):
    Parameter 1...  Done! 
    Parameter 2...  Done! 
    Parameter 3...  Done! 
    Parameter 4...  Done! 
    Parameter 5...  Done! 
    Parameter 6...  Done! 
    Parameter 7...  Done! 
    Parameter 8...  Done! 
    Parameter 9...  Done! 
    Parameter 10...  Done! 
    Parameter 11...  Done! 
    Parameter 12...  Done! 

marginal density: I'm computing the posterior mean and covariance...  Done!
marginal density: I'm computing the posterior log marginal density (modified harmonic mean)... Done!


ESTIMATION RESULTS

Log data density (Modified Harmonic Mean) is 1347.277935.
parameters
         prior mean   post. mean        90% HPD interval    prior       pstdev

rhoA          0.500       0.9989      0.9980      0.9999     beta       0.2000
rhoX          0.500       0.9992      0.9988      0.9998     beta       0.2000
rhoG          0.500       0.9998      0.9997      0.9999     beta       0.2000
rhoIgs        0.500       0.9977      0.9951      0.9994     beta       0.2000
eta           0.500       0.6587      0.6527      0.6648     norm       0.1000
thetaG        0.050       0.0020      0.0000      0.0042     gamm       0.0500
kappa         4.000       3.2113      3.0808      3.3133     norm       1.5000
alpha         0.330       0.3696      0.3691      0.3702     beta       0.0100

standard deviation of shocks
         prior mean   post. mean        90% HPD interval    prior       pstdev

epsA          0.010       0.0103      0.0094      0.0111     invg       0.2000
epsX          0.010       0.0618      0.0565      0.0683     invg       0.2000
epsG          0.010       0.0219      0.0201      0.0235     invg       0.2000
epsIgs        0.010       0.1173      0.1067      0.1269     invg       0.2000
Prior distribution for parameter thetaG has unbounded density!

======== Identification Analysis ========

Prior distribution for parameter thetaG has unbounded density!
Testing posterior mode
  
Note that differences in the criteria could be due to numerical settings,
numerical errors or the method used to find problematic parameter sets.
Settings:
    Derivation mode for Jacobians:                         Analytic using sylvester equations
    Method to find problematic parameters:                 Nullspace and multicorrelation coefficients
    Normalize Jacobians:                                   Yes
    Tolerance level for rank computations:                 robust
    Tolerance level for selecting nonzero columns:         1e-08
    Tolerance level for selecting nonzero singular values: 1e-03

REDUCED-FORM:
    All parameters are identified in the Jacobian of steady state and reduced-form solution matrices (rank(Tau) is full with tol = robust).

MINIMAL SYSTEM (KOMUNJER AND NG, 2011):
    All parameters are identified in the Jacobian of steady state and minimal system (rank(Deltabar) is full with tol = robust).

SPECTRUM (QU AND TKACHENKO, 2012):
    All parameters are identified in the Jacobian of mean and spectrum (rank(Gbar) is full with tol = robust).

MOMENTS (ISKREV, 2010):
    All parameters are identified in the Jacobian of first two moments (rank(J) is full with tol = robust).

==== Identification analysis completed ====

Total computing time : 0h09m26s
Note: warning(s) encountered in MATLAB/Octave code
