Starting Dynare (version 6.4).
Calling Dynare with arguments: noclearall
Starting preprocessing of the model file ...
Substitution of endo lags >= 2: added 9 auxiliary variables and equations.
Found 29 equation(s).
Evaluating expressions...
Computing static model derivatives (order 1).
Normalizing the static model...
Finding the optimal block decomposition of the static model...
7 block(s) found:
  6 recursive block(s) and 1 simultaneous block(s).
  the largest simultaneous block has 22 equation(s)
                                 and 22 feedback variable(s).
Computing dynamic model derivatives (order 1).
Normalizing the dynamic model...
Finding the optimal block decomposition of the dynamic model...
7 block(s) found:
  6 recursive block(s) and 1 simultaneous block(s).
  the largest simultaneous block has 22 equation(s)
                                 and 21 feedback variable(s).
Preprocessing completed.
Preprocessing time: 0h00m00s.

STEADY-STATE RESULTS:

C                		 1.46451
Y                		 2.27346
Ip               		 0.279753
Kp               		 12.716
N                		 0.976665
W                		 1.55559
Rk               		 0.0430552
A                		 1
Gc               		 0.449632
Ig               		 0.0795712
Kg               		 4.37699
G                		 1
TR               		 0.161699
Uk               		 1
deltaEff         		 0.022
Q                		 1
X                		 1
Profits          		 0.206679
Igshock          		 1
Utility          		 -0.301119

EIGENVALUES:
         Modulus             Real        Imaginary
          0.3728          -0.3563           0.1098
          0.3728          -0.3563          -0.1098
          0.3775          -0.2363           0.2945
          0.3775          -0.2363          -0.2945
          0.3896         -0.02852           0.3885
          0.3896         -0.02852          -0.3885
          0.4086           0.2118           0.3494
          0.4086           0.2118          -0.3494
          0.4378           0.4083            0.158
          0.4378           0.4083           -0.158
          0.9443            0.944          0.02596
          0.9443            0.944         -0.02596
          0.9501           0.9501                0
          0.9858           0.9858                0
          0.9993           0.9993                0
          0.9994           0.9994                0
          0.9998           0.9998                0
           1.081             1.08          0.03741
           1.081             1.08         -0.03741
       6.109e+16        6.109e+16                0
       1.615e+17        1.615e+17                0
        1.38e+18         1.38e+18                0
       1.791e+18       -1.791e+18                0
       4.036e+45       -4.036e+45                0

There are 7 eigenvalue(s) larger than 1 in modulus for 7 forward-looking variable(s)
The rank condition is verified.


MODEL SUMMARY

  Number of variables:         29
  Number of stochastic shocks: 4
  Number of state variables:   17
  Number of jumpers:           7
  Number of static variables:  7


MATRIX OF COVARIANCE OF EXOGENOUS SHOCKS
Variables        epsA      epsG      epsX    epsIgs
epsA         0.000100  0.000000  0.000000  0.000000
epsG         0.000000  0.000000  0.000000  0.000000
epsX         0.000000  0.000000  0.000000  0.000000
epsIgs       0.000000  0.000000  0.000000  0.000000

POLICY AND TRANSITION FUNCTIONS
                                   C               Y              Ip              Kp               N               W              Rk               A              Gc              Ig              Kg               G              TR              Uk        deltaEff               Q               X         Profits         Igshock         Utility
Constant                    1.464509        2.273464        0.279753       12.716036        0.976665        1.555595        0.043055        1.000000        0.449632        0.079571        4.376991        1.000000        0.161699        1.000000        0.022000        1.000000        1.000000        0.206679        1.000000       -0.301119
Kp(-1)                      0.013866        0.014661       -0.003975        0.994220       -0.002234        0.013589       -0.001044               0        0.004257        0.000513               0               0        0.000325       -0.047950       -0.001588       -0.011851               0        0.001582               0        0.010692
A(-1)                       1.720423        2.518029        0.181272       -0.128575       -0.049692        1.802083        0.016013        0.950100        0.528202        0.088131               0               0        0.163118        0.735655        0.024367        0.720906               0        0.234448               0        1.201966
Ig(-1)                     -0.000144        0.000464        0.000636        0.000579        0.000224       -0.000038        0.000003               0       -0.000044        0.000016        0.196600               0        0.000105        0.000136        0.000004       -0.016747               0        0.000017               0       -0.000221
Kg(-1)                      0.046446        0.067070        0.004017       -0.004236       -0.001637        0.048499        0.000427               0        0.014260        0.002347        0.983000               0        0.004244        0.019595        0.000649        0.012617               0        0.006280               0        0.032611
G(-1)                      -0.104436        0.337789        0.012924       -0.028641        0.162671       -0.027968        0.002148               0        0.417478        0.011823               0        0.999800       -0.377684        0.098687        0.003269        0.033791               0        0.031941               0        0.074430
Igshock(-1)                -0.016970        0.054889       -0.004367       -0.011121        0.026433       -0.004545        0.000349               0       -0.005210        0.081437               0               0       -0.067903        0.016036        0.000531       -0.014806               0        0.005469        0.999300       -0.026068
Ig(-2)                     -0.000138        0.000446        0.000610        0.000555        0.000215       -0.000037        0.000003               0       -0.000042        0.000016        0.193258               0        0.000101        0.000130        0.000004       -0.013352               0        0.000017               0       -0.000212
Ig(-3)                     -0.000103        0.000333        0.000456        0.000415        0.000160       -0.000028        0.000002               0       -0.000032        0.000012        0.142479               0        0.000075        0.000097        0.000003       -0.009889               0        0.000012               0       -0.000158
Ig(-4)                     -0.000078        0.000252        0.000345        0.000314        0.000121       -0.000021        0.000002               0       -0.000024        0.000009        0.093371               0        0.000057        0.000074        0.000002       -0.007338               0        0.000009               0       -0.000120
Ig(-5)                     -0.000071        0.000228        0.000312        0.000284        0.000110       -0.000019        0.000001               0       -0.000022        0.000008        0.068838               0        0.000052        0.000067        0.000002       -0.005697               0        0.000009               0       -0.000108
Ig(-6)                     -0.000069        0.000225        0.000307        0.000280        0.000108       -0.000019        0.000001               0       -0.000021        0.000008        0.067668               0        0.000051        0.000066        0.000002       -0.004495               0        0.000008               0       -0.000107
Ig(-7)                     -0.000058        0.000188        0.000257        0.000234        0.000090       -0.000016        0.000001               0       -0.000018        0.000007        0.044345               0        0.000042        0.000055        0.000002       -0.003268               0        0.000007               0       -0.000089
Ig(-8)                     -0.000055        0.000178        0.000244        0.000222        0.000086       -0.000015        0.000001               0       -0.000017        0.000006        0.043591               0        0.000040        0.000052        0.000002       -0.002474               0        0.000007               0       -0.000085
Ig(-9)                     -0.000045        0.000146        0.000200        0.000182        0.000070       -0.000012               0               0       -0.000014        0.000005        0.042850               0        0.000033        0.000043        0.000001       -0.001663               0        0.000005               0       -0.000069
Ig(-10)                    -0.000027        0.000088        0.000120        0.000110        0.000042       -0.000007               0               0       -0.000008        0.000003        0.042122               0        0.000020        0.000026               0       -0.000838               0        0.000003               0       -0.000042
Ip(-1)                     -0.202006        0.653372        0.894529        0.814130        0.314649       -0.054098        0.004155               0       -0.062019        0.022868               0               0        0.147629        0.190886        0.006323       -0.220927               0        0.024345               0       -0.310300
X(-1)                      -0.040155        0.129879        0.177816        0.161835        0.062547       -0.010754        0.000826               0       -0.012328        0.004546               0               0        0.029346        0.037945        0.001257       -0.476508        0.999400        0.004839               0       -0.061682
epsA                        1.810781        2.650278        0.190793       -0.135328       -0.052302        1.896730        0.016854        1.000000        0.555944        0.092760               0               0        0.171685        0.774292        0.025646        0.758769               0        0.246761               0        1.265094
epsG                       -0.104456        0.337857        0.012927       -0.028647        0.162704       -0.027974        0.002149               0        0.417561        0.011825               0        1.000000       -0.377759        0.098707        0.003269        0.033798               0        0.031948               0        0.074445
epsX                       -0.040179        0.129957        0.177923        0.161932        0.062584       -0.010760        0.000826               0       -0.012336        0.004548               0               0        0.029364        0.037967        0.001258       -0.476794        1.000000        0.004842               0       -0.061719
epsIgs                     -0.016982        0.054927       -0.004370       -0.011129        0.026452       -0.004548        0.000349               0       -0.005214        0.081494               0               0       -0.067951        0.016047        0.000532       -0.014817               0        0.005473        1.000000       -0.026086
Total computing time : 0h00m05s
